<?xml version="1.0" encoding="UTF-8"?>
<testsuite name="com.jong960107.study03_04.Study0304ApplicationTests" tests="1" skipped="0" failures="0" errors="0" timestamp="2021-06-15T14:08:54" hostname="jeongdahyeon-ui-MacBookAir.local" time="0.185">
  <properties/>
  <testcase name="contextLoads()" classname="com.jong960107.study03_04.Study0304ApplicationTests" time="0.185"/>
  <system-out><![CDATA[23:08:42.923 [Test worker] DEBUG org.springframework.test.context.BootstrapUtils - Instantiating CacheAwareContextLoaderDelegate from class [org.springframework.test.context.cache.DefaultCacheAwareContextLoaderDelegate]
23:08:42.944 [Test worker] DEBUG org.springframework.test.context.BootstrapUtils - Instantiating BootstrapContext using constructor [public org.springframework.test.context.support.DefaultBootstrapContext(java.lang.Class,org.springframework.test.context.CacheAwareContextLoaderDelegate)]
23:08:43.023 [Test worker] DEBUG org.springframework.test.context.BootstrapUtils - Instantiating TestContextBootstrapper for test class [com.jong960107.study03_04.Study0304ApplicationTests] from class [org.springframework.boot.test.context.SpringBootTestContextBootstrapper]
23:08:43.049 [Test worker] INFO org.springframework.boot.test.context.SpringBootTestContextBootstrapper - Neither @ContextConfiguration nor @ContextHierarchy found for test class [com.jong960107.study03_04.Study0304ApplicationTests], using SpringBootContextLoader
23:08:43.056 [Test worker] DEBUG org.springframework.test.context.support.AbstractContextLoader - Did not detect default resource location for test class [com.jong960107.study03_04.Study0304ApplicationTests]: class path resource [com/jong960107/study03_04/Study0304ApplicationTests-context.xml] does not exist
23:08:43.057 [Test worker] DEBUG org.springframework.test.context.support.AbstractContextLoader - Did not detect default resource location for test class [com.jong960107.study03_04.Study0304ApplicationTests]: class path resource [com/jong960107/study03_04/Study0304ApplicationTestsContext.groovy] does not exist
23:08:43.058 [Test worker] INFO org.springframework.test.context.support.AbstractContextLoader - Could not detect default resource locations for test class [com.jong960107.study03_04.Study0304ApplicationTests]: no resource found for suffixes {-context.xml, Context.groovy}.
23:08:43.059 [Test worker] INFO org.springframework.test.context.support.AnnotationConfigContextLoaderUtils - Could not detect default configuration classes for test class [com.jong960107.study03_04.Study0304ApplicationTests]: Study0304ApplicationTests does not declare any static, non-private, non-final, nested classes annotated with @Configuration.
23:08:43.162 [Test worker] DEBUG org.springframework.test.context.support.ActiveProfilesUtils - Could not find an 'annotation declaring class' for annotation type [org.springframework.test.context.ActiveProfiles] and class [com.jong960107.study03_04.Study0304ApplicationTests]
23:08:43.297 [Test worker] DEBUG org.springframework.context.annotation.ClassPathScanningCandidateComponentProvider - Identified candidate component class: file [/Users/jongdahyeon/Desktop/자바프로그래밍(백엔드)/study03_04/build/classes/java/main/com/jong960107/study03_04/Study0304Application.class]
23:08:43.298 [Test worker] INFO org.springframework.boot.test.context.SpringBootTestContextBootstrapper - Found @SpringBootConfiguration com.jong960107.study03_04.Study0304Application for test class com.jong960107.study03_04.Study0304ApplicationTests
23:08:43.488 [Test worker] DEBUG org.springframework.boot.test.context.SpringBootTestContextBootstrapper - @TestExecutionListeners is not present for class [com.jong960107.study03_04.Study0304ApplicationTests]: using defaults.
23:08:43.489 [Test worker] INFO org.springframework.boot.test.context.SpringBootTestContextBootstrapper - Loaded default TestExecutionListener class names from location [META-INF/spring.factories]: [org.springframework.boot.test.autoconfigure.restdocs.RestDocsTestExecutionListener, org.springframework.boot.test.autoconfigure.web.client.MockRestServiceServerResetTestExecutionListener, org.springframework.boot.test.autoconfigure.web.servlet.MockMvcPrintOnlyOnFailureTestExecutionListener, org.springframework.boot.test.autoconfigure.web.servlet.WebDriverTestExecutionListener, org.springframework.boot.test.autoconfigure.webservices.client.MockWebServiceServerTestExecutionListener, org.springframework.boot.test.mock.mockito.MockitoTestExecutionListener, org.springframework.boot.test.mock.mockito.ResetMocksTestExecutionListener, org.springframework.test.context.web.ServletTestExecutionListener, org.springframework.test.context.support.DirtiesContextBeforeModesTestExecutionListener, org.springframework.test.context.event.ApplicationEventsTestExecutionListener, org.springframework.test.context.support.DependencyInjectionTestExecutionListener, org.springframework.test.context.support.DirtiesContextTestExecutionListener, org.springframework.test.context.transaction.TransactionalTestExecutionListener, org.springframework.test.context.jdbc.SqlScriptsTestExecutionListener, org.springframework.test.context.event.EventPublishingTestExecutionListener]
23:08:43.544 [Test worker] INFO org.springframework.boot.test.context.SpringBootTestContextBootstrapper - Using TestExecutionListeners: [org.springframework.test.context.web.ServletTestExecutionListener@5d9d3887, org.springframework.test.context.support.DirtiesContextBeforeModesTestExecutionListener@31e9b74b, org.springframework.test.context.event.ApplicationEventsTestExecutionListener@4c42a6f4, org.springframework.boot.test.mock.mockito.MockitoTestExecutionListener@b1cb38c, org.springframework.boot.test.autoconfigure.SpringBootDependencyInjectionTestExecutionListener@3ff1eb68, org.springframework.test.context.support.DirtiesContextTestExecutionListener@43de4032, org.springframework.test.context.transaction.TransactionalTestExecutionListener@1af22bbb, org.springframework.test.context.jdbc.SqlScriptsTestExecutionListener@749c6bba, org.springframework.test.context.event.EventPublishingTestExecutionListener@440664ea, org.springframework.boot.test.autoconfigure.restdocs.RestDocsTestExecutionListener@75e86388, org.springframework.boot.test.autoconfigure.web.client.MockRestServiceServerResetTestExecutionListener@7e4c317d, org.springframework.boot.test.autoconfigure.web.servlet.MockMvcPrintOnlyOnFailureTestExecutionListener@691a44b5, org.springframework.boot.test.autoconfigure.web.servlet.WebDriverTestExecutionListener@1e4c4c48, org.springframework.boot.test.autoconfigure.webservices.client.MockWebServiceServerTestExecutionListener@288e882a, org.springframework.boot.test.mock.mockito.ResetMocksTestExecutionListener@3756839f]
23:08:43.554 [Test worker] DEBUG org.springframework.test.context.support.AbstractDirtiesContextTestExecutionListener - Before test class: context [DefaultTestContext@5d045603 testClass = Study0304ApplicationTests, testInstance = [null], testMethod = [null], testException = [null], mergedContextConfiguration = [WebMergedContextConfiguration@5cbad8fb testClass = Study0304ApplicationTests, locations = '{}', classes = '{class com.jong960107.study03_04.Study0304Application}', contextInitializerClasses = '[]', activeProfiles = '{}', propertySourceLocations = '{}', propertySourceProperties = '{org.springframework.boot.test.context.SpringBootTestContextBootstrapper=true}', contextCustomizers = set[org.springframework.boot.test.autoconfigure.actuate.metrics.MetricsExportContextCustomizerFactory$DisableMetricExportContextCustomizer@1cf44a79, org.springframework.boot.test.autoconfigure.properties.PropertyMappingContextCustomizer@0, org.springframework.boot.test.autoconfigure.web.servlet.WebDriverContextCustomizerFactory$Customizer@113cc0f6, org.springframework.boot.test.context.filter.ExcludeFilterContextCustomizer@1fc03a6a, org.springframework.boot.test.json.DuplicateJsonObjectContextCustomizerFactory$DuplicateJsonObjectContextCustomizer@48460544, org.springframework.boot.test.mock.mockito.MockitoContextCustomizer@0, org.springframework.boot.test.web.client.TestRestTemplateContextCustomizer@ae02457, org.springframework.boot.test.context.SpringBootTestArgs@1, org.springframework.boot.test.context.SpringBootTestWebEnvironment@29212465], resourceBasePath = 'src/main/webapp', contextLoader = 'org.springframework.boot.test.context.SpringBootContextLoader', parent = [null]], attributes = map['org.springframework.test.context.web.ServletTestExecutionListener.activateListener' -> true]], class annotated with @DirtiesContext [false] with mode [null].
23:08:43.662 [Test worker] DEBUG org.springframework.test.context.support.TestPropertySourceUtils - Adding inlined properties to environment: {spring.jmx.enabled=false, org.springframework.boot.test.context.SpringBootTestContextBootstrapper=true}

  .   ____          _            __ _ _
 /\\ / ___'_ __ _ _(_)_ __  __ _ \ \ \ \
( ( )\___ | '_ | '_| | '_ \/ _` | \ \ \ \
 \\/  ___)| |_)| | | | | || (_| |  ) ) ) )
  '  |____| .__|_| |_|_| |_\__, | / / / /
 =========|_|==============|___/=/_/_/_/
 :: Spring Boot ::                (v2.5.1)

2021-06-15 23:08:44.561  INFO 78572 --- [    Test worker] c.j.s.Study0304ApplicationTests          : Starting Study0304ApplicationTests using Java 1.8.0_292 on jeongdahyeon-ui-MacBookAir.local with PID 78572 (started by jongdahyeon in /Users/jongdahyeon/Desktop/자바프로그래밍(백엔드)/study03_04)
2021-06-15 23:08:44.567  INFO 78572 --- [    Test worker] c.j.s.Study0304ApplicationTests          : No active profile set, falling back to default profiles: default
2021-06-15 23:08:46.117  INFO 78572 --- [    Test worker] .s.d.r.c.RepositoryConfigurationDelegate : Bootstrapping Spring Data JPA repositories in DEFAULT mode.
2021-06-15 23:08:46.236  INFO 78572 --- [    Test worker] .s.d.r.c.RepositoryConfigurationDelegate : Finished Spring Data repository scanning in 99 ms. Found 1 JPA repository interfaces.
2021-06-15 23:08:47.286  INFO 78572 --- [    Test worker] com.zaxxer.hikari.HikariDataSource       : HikariPool-1 - Starting...
2021-06-15 23:08:48.495  INFO 78572 --- [    Test worker] com.zaxxer.hikari.HikariDataSource       : HikariPool-1 - Start completed.
2021-06-15 23:08:48.902  INFO 78572 --- [    Test worker] o.hibernate.jpa.internal.util.LogHelper  : HHH000204: Processing PersistenceUnitInfo [name: default]
2021-06-15 23:08:49.055  INFO 78572 --- [    Test worker] org.hibernate.Version                    : HHH000412: Hibernate ORM core version 5.4.32.Final
2021-06-15 23:08:49.546  INFO 78572 --- [    Test worker] o.hibernate.annotations.common.Version   : HCANN000001: Hibernate Commons Annotations {5.1.2.Final}
2021-06-15 23:08:49.908  INFO 78572 --- [    Test worker] org.hibernate.dialect.Dialect            : HHH000400: Using dialect: org.hibernate.dialect.MySQL8Dialect
2021-06-15 23:08:51.324  INFO 78572 --- [    Test worker] o.h.e.t.j.p.i.JtaPlatformInitiator       : HHH000490: Using JtaPlatform implementation: [org.hibernate.engine.transaction.jta.platform.internal.NoJtaPlatform]
2021-06-15 23:08:51.345  INFO 78572 --- [    Test worker] j.LocalContainerEntityManagerFactoryBean : Initialized JPA EntityManagerFactory for persistence unit 'default'
2021-06-15 23:08:53.067  WARN 78572 --- [    Test worker] JpaBaseConfiguration$JpaWebConfiguration : spring.jpa.open-in-view is enabled by default. Therefore, database queries may be performed during view rendering. Explicitly configure spring.jpa.open-in-view to disable this warning
2021-06-15 23:08:53.888  INFO 78572 --- [    Test worker] o.s.b.a.w.s.WelcomePageHandlerMapping    : Adding welcome page: class path resource [static/index.html]
2021-06-15 23:08:54.550  INFO 78572 --- [    Test worker] c.j.s.Study0304ApplicationTests          : Started Study0304ApplicationTests in 10.863 seconds (JVM running for 13.283)
]]></system-out>
  <system-err><![CDATA[]]></system-err>
</testsuite>
